<?xml version="1.0" encoding="UTF-8" ?>
<testsuite tests="23" failures="0" name="be.kdg.distrib.TestStubFactory" time="0.037" errors="0" skipped="0">
  <properties>
[...]
</properties>
  <testcase classname="be.kdg.distrib.TestStubFactory" name="testCreateClassWithRightMethods" time="0"/>
  <testcase classname="be.kdg.distrib.TestStubFactory" name="testWithStringReturnValue" time="0.001"/>
  <testcase classname="be.kdg.distrib.TestStubFactory" name="testWithBooleanReturnValue2" time="0.005"/>
  <testcase classname="be.kdg.distrib.TestStubFactory" name="testVoidVoid" time="0.001"/>
  <testcase classname="be.kdg.distrib.TestStubFactory" name="testTryToCastToWrongClass" time="0.001"/>
  <testcase classname="be.kdg.distrib.TestStubFactory" name="testWithMoreParams" time="0.003"/>
  <testcase classname="be.kdg.distrib.TestStubFactory" name="testWithIntParam" time="0.002"/>
  <testcase classname="be.kdg.distrib.TestStubFactory" name="testWithIntReturnValue2" time="0.004"/>
  <testcase classname="be.kdg.distrib.TestStubFactory" name="testWithStringReturnValue2" time="0.001"/>
  <testcase classname="be.kdg.distrib.TestStubFactory" name="testWithEverything" time="0.004"/>
  <testcase classname="be.kdg.distrib.TestStubFactory" name="testCreateClassWithDerivedInterface" time="0.001"/>
  <testcase classname="be.kdg.distrib.TestStubFactory" name="testWithCharReturnValue2" time="0.001"/>
  <testcase classname="be.kdg.distrib.TestStubFactory" name="testWithCharReturnValue" time="0.001"/>
  <testcase classname="be.kdg.distrib.TestStubFactory" name="testWithObjectParams2" time="0.002"/>
  <testcase classname="be.kdg.distrib.TestStubFactory" name="testWithIntReturnValue" time="0.001"/>
  <testcase classname="be.kdg.distrib.TestStubFactory" name="testWithObjectReturnValue" time="0.002"/>
  <testcase classname="be.kdg.distrib.TestStubFactory" name="testWithObjectReturnValue2" time="0.001"/>
  <testcase classname="be.kdg.distrib.TestStubFactory" name="testWithObjectReturnValue3" time="0.001"/>
  <testcase classname="be.kdg.distrib.TestStubFactory" name="testCreateClassFromOtherInterface" time="0.001"/>
  <testcase classname="be.kdg.distrib.TestStubFactory" name="testWithOneParam" time="0.002"/>
  <testcase classname="be.kdg.distrib.TestStubFactory" name="testCreateStubFromObject" time="0"/>
  <testcase classname="be.kdg.distrib.TestStubFactory" name="testWithBooleanReturnValue" time="0.001"/>
  <testcase classname="be.kdg.distrib.TestStubFactory" name="testWithObjectParams" time="0.001"/>
</testsuite>